<?xml version="1.0" encoding="utf-8"?><testsuites name="pytest tests"><testsuite name="pytest" errors="0" failures="0" skipped="0" tests="13" time="1.918" timestamp="2026-07-04T17:27:52.080425+00:00" hostname="agent-env-7f92ec2e-9f30-468e-aaaa-de7446bd7241"><testcase classname="tests.test_daily_reset" name="test_root" time="0.226" /><testcase classname="tests.test_daily_reset" name="test_create_reset_full_fields" time="0.155" /><testcase classname="tests.test_daily_reset" name="test_pattern_recupero_insufficiente" time="0.137" /><testcase classname="tests.test_daily_reset" name="test_pattern_buona_base" time="0.095" /><testcase classname="tests.test_daily_reset" name="test_pattern_alimentazione_disordinata_nutrition" time="0.149" /><testcase classname="tests.test_daily_reset" name="test_pattern_alimentazione_disordinata_cravings" time="0.139" /><testcase classname="tests.test_daily_reset" name="test_list_resets_sorted_desc" time="0.244" /><testcase classname="tests.test_daily_reset" name="test_get_reset_by_id" time="0.138" /><testcase classname="tests.test_daily_reset" name="test_get_reset_404" time="0.116" /><testcase classname="tests.test_daily_reset" name="test_validation_missing_field" time="0.107" /><testcase classname="tests.test_daily_reset" name="test_validation_out_of_range" time="0.090" /><testcase classname="tests.test_daily_reset" name="test_email_lead_valid_and_idempotent" time="0.147" /><testcase classname="tests.test_daily_reset" name="test_email_lead_invalid" time="0.095" /></testsuite></testsuites>